TN:
SF:src/local-state.ts
FN:5,LocalState
FN:11,getState
FN:22,setState
FN:36,setDefaultStorage
FN:40,newLocalState
FNF:5
FNH:4
FNDA:1,LocalState
FNDA:2,getState
FNDA:1,setState
FNDA:0,setDefaultStorage
FNDA:1,newLocalState
DA:1,1
DA:2,1
DA:3,1
DA:4,1
DA:5,1
DA:6,1
DA:7,1
DA:8,1
DA:9,1
DA:10,1
DA:11,1
DA:12,2
DA:13,2
DA:14,2
DA:15,2
DA:16,2
DA:17,2
DA:18,0
DA:19,0
DA:20,2
DA:21,1
DA:22,1
DA:23,1
DA:24,1
DA:25,1
DA:26,1
DA:27,0
DA:28,0
DA:29,1
DA:30,1
DA:31,1
DA:32,1
DA:33,1
DA:34,1
DA:35,1
DA:36,1
DA:37,0
DA:38,0
DA:39,1
DA:40,1
LF:40
LH:34
BRDA:34,0,0,0
BRDA:5,1,0,1
BRDA:11,2,0,2
BRDA:15,3,0,1
BRDA:16,4,0,1
BRDA:17,5,0,0
BRDA:22,6,0,1
BRDA:26,7,0,0
BRDA:40,8,0,1
BRF:9
BRH:6
end_of_record
TN:
SF:src/storage-stub.ts
FN:1,StorageStub
FN:4,getItem
FN:8,setItem
FN:12,removeItem
FN:16,clear
FN:20,get length
FN:24,key
FNF:7
FNH:3
FNDA:1,StorageStub
FNDA:2,getItem
FNDA:1,setItem
FNDA:0,removeItem
FNDA:0,clear
FNDA:0,get length
FNDA:0,key
DA:1,1
DA:2,1
DA:3,1
DA:4,1
DA:5,2
DA:6,2
DA:7,1
DA:8,1
DA:9,1
DA:10,1
DA:11,1
DA:12,1
DA:13,0
DA:14,0
DA:15,1
DA:16,1
DA:17,0
DA:18,0
DA:19,1
DA:20,1
DA:21,0
DA:22,0
DA:23,1
DA:24,1
DA:25,0
DA:26,0
DA:27,1
LF:27
LH:19
BRDA:1,0,0,1
BRDA:4,1,0,2
BRDA:5,2,0,1
BRDA:5,3,0,1
BRDA:8,4,0,1
BRF:5
BRH:5
end_of_record
